...found 9 targets...
...updating 4 targets...
gcc.compile.c++ libs/config/checks/architecture/bin/gcc-gnu-11/debug/32.o
libs/config/checks/architecture/32.cpp:9:36: error: narrowing conversion of '-1' from 'int' to 'long unsigned int' [-Wnarrowing]
    9 | int test[sizeof(void*) == 4? 1 : -1];
      |                                    ^
libs/config/checks/architecture/32.cpp:9:28: error: size '-1' of array 'test' is negative
    9 | int test[sizeof(void*) == 4? 1 : -1];
      |          ~~~~~~~~~~~~~~~~~~^~~~~~~~

    "g++"   -O0 -fno-inline -Wall -g -fPIC     -c -o "libs/config/checks/architecture/bin/gcc-gnu-11/debug/32.o" "libs/config/checks/architecture/32.cpp"

...failed gcc.compile.c++ libs/config/checks/architecture/bin/gcc-gnu-11/debug/32.o...
...failed updating 1 target...
...updated 3 targets...
...found 2 targets...
...updating 1 target...
gcc.compile.c++ libs/config/checks/architecture/bin/gcc-gnu-11/debug/64.o
...updated 1 target...
...found 2 targets...
...updating 1 target...
gcc.compile.c++ libs/config/checks/architecture/bin/gcc-gnu-11/debug/arm.o
...updated 1 target...
...found 3 targets...
...updating 3 targets...
link.touch bin.v2/test-symlink-source
link.mklink bin.v2/test-symlink
...updated 3 targets...
...found 102 targets...
...updating 8 targets...
gcc.compile.c++ bin.v2/libs/context/build/gcc-gnu-11/debug/threadapi-pthread/threading-multi/cxx11_hdr_mutex_check.o
...updated 8 targets...
...patience...
...found 155 targets...
...updating 16 targets...
gcc.compile.c++ bin.v2/libs/thread/build/gcc-gnu-11/debug/threadapi-pthread/threading-multi/has_atomic_flag_lockfree_test.o
gcc.compile.c++ bin.v2/libs/system/build/gcc-gnu-11/debug/threadapi-pthread/threading-multi/error_code.o
gcc.link.dll bin.v2/libs/system/build/gcc-gnu-11/debug/threadapi-pthread/threading-multi/libboost_system.so.1.66.0
gcc.link bin.v2/libs/thread/build/gcc-gnu-11/debug/threadapi-pthread/threading-multi/has_atomic_flag_lockfree
...updated 16 targets...
...found 7 targets...
...updating 6 targets...
gcc.compile.c++ bin.v2/libs/config/checks/gcc-gnu-11/debug/threadapi-pthread/cxx11_auto_declarations.o
...updated 6 targets...
...found 1 target...
...updating 1 target...
gcc.compile.c++ bin.v2/libs/config/checks/gcc-gnu-11/debug/threadapi-pthread/cxx11_constexpr.o
...updated 1 target...
...found 1 target...
...updating 1 target...
gcc.compile.c++ bin.v2/libs/config/checks/gcc-gnu-11/debug/threadapi-pthread/cxx11_defaulted_functions.o
...updated 1 target...
...found 1 target...
...updating 1 target...
gcc.compile.c++ bin.v2/libs/config/checks/gcc-gnu-11/debug/threadapi-pthread/cxx11_final.o
...updated 1 target...
...found 1 target...
...updating 1 target...
gcc.compile.c++ bin.v2/libs/config/checks/gcc-gnu-11/debug/threadapi-pthread/cxx11_hdr_mutex.o
...updated 1 target...
...found 1 target...
...updating 1 target...
gcc.compile.c++ bin.v2/libs/config/checks/gcc-gnu-11/debug/threadapi-pthread/cxx11_hdr_regex.o
...updated 1 target...
...found 1 target...
...updating 1 target...
gcc.compile.c++ bin.v2/libs/config/checks/gcc-gnu-11/debug/threadapi-pthread/cxx11_hdr_tuple.o
...updated 1 target...
...found 1 target...
...updating 1 target...
gcc.compile.c++ bin.v2/libs/config/checks/gcc-gnu-11/debug/threadapi-pthread/cxx11_lambdas.o
...updated 1 target...
...found 1 target...
...updating 1 target...
gcc.compile.c++ bin.v2/libs/config/checks/gcc-gnu-11/debug/threadapi-pthread/cxx11_noexcept.o
...updated 1 target...
...found 1 target...
...updating 1 target...
gcc.compile.c++ bin.v2/libs/config/checks/gcc-gnu-11/debug/threadapi-pthread/cxx11_nullptr.o
...updated 1 target...
...found 1 target...
...updating 1 target...
gcc.compile.c++ bin.v2/libs/config/checks/gcc-gnu-11/debug/threadapi-pthread/cxx11_rvalue_references.o
...updated 1 target...
...found 1 target...
...updating 1 target...
gcc.compile.c++ bin.v2/libs/config/checks/gcc-gnu-11/debug/threadapi-pthread/cxx11_template_aliases.o
...updated 1 target...
...found 1 target...
...updating 1 target...
gcc.compile.c++ bin.v2/libs/config/checks/gcc-gnu-11/debug/threadapi-pthread/cxx11_thread_local.o
...updated 1 target...
...found 1 target...
...updating 1 target...
gcc.compile.c++ bin.v2/libs/config/checks/gcc-gnu-11/debug/threadapi-pthread/cxx11_variadic_templates.o
...updated 1 target...
...found 240 targets...
...updating 8 targets...
gcc.compile.c++ bin.v2/libs/regex/build/gcc-gnu-11/debug/threadapi-pthread/has_icu_test.o
gcc.link bin.v2/libs/regex/build/gcc-gnu-11/debug/threadapi-pthread/has_icu
testing.unit-test bin.v2/libs/regex/build/gcc-gnu-11/debug/threadapi-pthread/has_icu.passed
945
...updated 8 targets...
...found 10 targets...
...updating 8 targets...
gcc.compile.c++ bin.v2/standalone/ac/gcc-gnu-11/release/threadapi-pthread/threading-multi/zlib_h.o
bin.v2/standalone/ac/zlib_h.cpp:1:10: fatal error: zlib.h: No such file or directory
    1 | #include <zlib.h>
      |          ^~~~~~~~
compilation terminated.

    "g++"   -O3 -finline-functions -Wno-inline -Wall -pthread -fPIC  -DNDEBUG   -c -o "bin.v2/standalone/ac/gcc-gnu-11/release/threadapi-pthread/threading-multi/zlib_h.o" "bin.v2/standalone/ac/zlib_h.cpp"

...failed gcc.compile.c++ bin.v2/standalone/ac/gcc-gnu-11/release/threadapi-pthread/threading-multi/zlib_h.o...
...failed updating 1 target...
...updated 7 targets...
...found 5 targets...
...updating 3 targets...
gcc.compile.c++ bin.v2/standalone/ac/gcc-gnu-11/release/threadapi-pthread/threading-multi/main-z.o
gcc.link bin.v2/standalone/ac/gcc-gnu-11/release/threadapi-pthread/threading-multi/z
/usr/bin/ld: cannot find -lz: No such file or directory
collect2: error: ld returned 1 exit status

    "g++"    -o "bin.v2/standalone/ac/gcc-gnu-11/release/threadapi-pthread/threading-multi/z" -Wl,--start-group "bin.v2/standalone/ac/gcc-gnu-11/release/threadapi-pthread/threading-multi/main-z.o"  -Wl,-Bstatic  -Wl,-Bdynamic -lz -lrt -Wl,--end-group -pthread -fPIC 

...failed gcc.link bin.v2/standalone/ac/gcc-gnu-11/release/threadapi-pthread/threading-multi/z...
...failed updating 1 target...
...updated 2 targets...
...found 5 targets...
...updating 3 targets...
gcc.compile.c++ bin.v2/standalone/ac/gcc-gnu-11/release/threadapi-pthread/threading-multi/main-zlib.o
gcc.link bin.v2/standalone/ac/gcc-gnu-11/release/threadapi-pthread/threading-multi/zlib
/usr/bin/ld: cannot find -lzlib: No such file or directory
collect2: error: ld returned 1 exit status

    "g++"    -o "bin.v2/standalone/ac/gcc-gnu-11/release/threadapi-pthread/threading-multi/zlib" -Wl,--start-group "bin.v2/standalone/ac/gcc-gnu-11/release/threadapi-pthread/threading-multi/main-zlib.o"  -Wl,-Bstatic  -Wl,-Bdynamic -lzlib -lrt -Wl,--end-group -pthread -fPIC 

...failed gcc.link bin.v2/standalone/ac/gcc-gnu-11/release/threadapi-pthread/threading-multi/zlib...
...failed updating 1 target...
...updated 2 targets...
...found 5 targets...
...updating 3 targets...
gcc.compile.c++ bin.v2/standalone/ac/gcc-gnu-11/release/threadapi-pthread/threading-multi/main-zll.o
gcc.link bin.v2/standalone/ac/gcc-gnu-11/release/threadapi-pthread/threading-multi/zll
/usr/bin/ld: cannot find -lzll: No such file or directory
collect2: error: ld returned 1 exit status

    "g++"    -o "bin.v2/standalone/ac/gcc-gnu-11/release/threadapi-pthread/threading-multi/zll" -Wl,--start-group "bin.v2/standalone/ac/gcc-gnu-11/release/threadapi-pthread/threading-multi/main-zll.o"  -Wl,-Bstatic  -Wl,-Bdynamic -lzll -lrt -Wl,--end-group -pthread -fPIC 

...failed gcc.link bin.v2/standalone/ac/gcc-gnu-11/release/threadapi-pthread/threading-multi/zll...
...failed updating 1 target...
...updated 2 targets...
...found 5 targets...
...updating 3 targets...
gcc.compile.c++ bin.v2/standalone/ac/gcc-gnu-11/release/threadapi-pthread/threading-multi/main-zdll.o
gcc.link bin.v2/standalone/ac/gcc-gnu-11/release/threadapi-pthread/threading-multi/zdll
/usr/bin/ld: cannot find -lzdll: No such file or directory
collect2: error: ld returned 1 exit status

    "g++"    -o "bin.v2/standalone/ac/gcc-gnu-11/release/threadapi-pthread/threading-multi/zdll" -Wl,--start-group "bin.v2/standalone/ac/gcc-gnu-11/release/threadapi-pthread/threading-multi/main-zdll.o"  -Wl,-Bstatic  -Wl,-Bdynamic -lzdll -lrt -Wl,--end-group -pthread -fPIC 

...failed gcc.link bin.v2/standalone/ac/gcc-gnu-11/release/threadapi-pthread/threading-multi/zdll...
...failed updating 1 target...
...updated 2 targets...
...found 5 targets...
...updating 5 targets...
gcc.compile.c++ bin.v2/standalone/ac/gcc-gnu-11/release/link-static/threadapi-pthread/threading-multi/main-z.o
gcc.link bin.v2/standalone/ac/gcc-gnu-11/release/link-static/threadapi-pthread/threading-multi/z
/usr/bin/ld: cannot find -lz: No such file or directory
collect2: error: ld returned 1 exit status

    "g++"    -o "bin.v2/standalone/ac/gcc-gnu-11/release/link-static/threadapi-pthread/threading-multi/z" -Wl,--start-group "bin.v2/standalone/ac/gcc-gnu-11/release/link-static/threadapi-pthread/threading-multi/main-z.o"  -Wl,-Bstatic -lz -Wl,-Bdynamic -lrt -Wl,--end-group -pthread 

...failed gcc.link bin.v2/standalone/ac/gcc-gnu-11/release/link-static/threadapi-pthread/threading-multi/z...
...failed updating 1 target...
...updated 4 targets...
...found 2 targets...
...updating 2 targets...
gcc.compile.c++ bin.v2/standalone/ac/gcc-gnu-11/release/link-static/threadapi-pthread/threading-multi/main-zlib.o
gcc.link bin.v2/standalone/ac/gcc-gnu-11/release/link-static/threadapi-pthread/threading-multi/zlib
/usr/bin/ld: cannot find -lzlib: No such file or directory
collect2: error: ld returned 1 exit status

    "g++"    -o "bin.v2/standalone/ac/gcc-gnu-11/release/link-static/threadapi-pthread/threading-multi/zlib" -Wl,--start-group "bin.v2/standalone/ac/gcc-gnu-11/release/link-static/threadapi-pthread/threading-multi/main-zlib.o"  -Wl,-Bstatic -lzlib -Wl,-Bdynamic -lrt -Wl,--end-group -pthread 

...failed gcc.link bin.v2/standalone/ac/gcc-gnu-11/release/link-static/threadapi-pthread/threading-multi/zlib...
...failed updating 1 target...
...updated 1 target...
...found 2 targets...
...updating 2 targets...
gcc.compile.c++ bin.v2/standalone/ac/gcc-gnu-11/release/link-static/threadapi-pthread/threading-multi/main-zll.o
gcc.link bin.v2/standalone/ac/gcc-gnu-11/release/link-static/threadapi-pthread/threading-multi/zll
/usr/bin/ld: cannot find -lzll: No such file or directory
collect2: error: ld returned 1 exit status

    "g++"    -o "bin.v2/standalone/ac/gcc-gnu-11/release/link-static/threadapi-pthread/threading-multi/zll" -Wl,--start-group "bin.v2/standalone/ac/gcc-gnu-11/release/link-static/threadapi-pthread/threading-multi/main-zll.o"  -Wl,-Bstatic -lzll -Wl,-Bdynamic -lrt -Wl,--end-group -pthread 

...failed gcc.link bin.v2/standalone/ac/gcc-gnu-11/release/link-static/threadapi-pthread/threading-multi/zll...
...failed updating 1 target...
...updated 1 target...
...found 2 targets...
...updating 2 targets...
gcc.compile.c++ bin.v2/standalone/ac/gcc-gnu-11/release/link-static/threadapi-pthread/threading-multi/main-zdll.o
gcc.link bin.v2/standalone/ac/gcc-gnu-11/release/link-static/threadapi-pthread/threading-multi/zdll
/usr/bin/ld: cannot find -lzdll: No such file or directory
collect2: error: ld returned 1 exit status

    "g++"    -o "bin.v2/standalone/ac/gcc-gnu-11/release/link-static/threadapi-pthread/threading-multi/zdll" -Wl,--start-group "bin.v2/standalone/ac/gcc-gnu-11/release/link-static/threadapi-pthread/threading-multi/main-zdll.o"  -Wl,-Bstatic -lzdll -Wl,-Bdynamic -lrt -Wl,--end-group -pthread 

...failed gcc.link bin.v2/standalone/ac/gcc-gnu-11/release/link-static/threadapi-pthread/threading-multi/zdll...
...failed updating 1 target...
...updated 1 target...
...found 4 targets...
...updating 2 targets...
gcc.compile.c++ bin.v2/standalone/ac/gcc-gnu-11/release/threadapi-pthread/threading-multi/bzlib_h.o
bin.v2/standalone/ac/bzlib_h.cpp:1:10: fatal error: bzlib.h: No such file or directory
    1 | #include <bzlib.h>
      |          ^~~~~~~~~
compilation terminated.

    "g++"   -O3 -finline-functions -Wno-inline -Wall -pthread -fPIC  -DNDEBUG   -c -o "bin.v2/standalone/ac/gcc-gnu-11/release/threadapi-pthread/threading-multi/bzlib_h.o" "bin.v2/standalone/ac/bzlib_h.cpp"

...failed gcc.compile.c++ bin.v2/standalone/ac/gcc-gnu-11/release/threadapi-pthread/threading-multi/bzlib_h.o...
...failed updating 1 target...
...updated 1 target...
...found 5 targets...
...updating 3 targets...
gcc.compile.c++ bin.v2/standalone/ac/gcc-gnu-11/release/threadapi-pthread/threading-multi/main-bz2.o
gcc.link bin.v2/standalone/ac/gcc-gnu-11/release/threadapi-pthread/threading-multi/bz2
/usr/bin/ld: cannot find -lbz2: No such file or directory
collect2: error: ld returned 1 exit status

    "g++"    -o "bin.v2/standalone/ac/gcc-gnu-11/release/threadapi-pthread/threading-multi/bz2" -Wl,--start-group "bin.v2/standalone/ac/gcc-gnu-11/release/threadapi-pthread/threading-multi/main-bz2.o"  -Wl,-Bstatic  -Wl,-Bdynamic -lbz2 -lrt -Wl,--end-group -pthread -fPIC 

...failed gcc.link bin.v2/standalone/ac/gcc-gnu-11/release/threadapi-pthread/threading-multi/bz2...
...failed updating 1 target...
...updated 2 targets...
...found 2 targets...
...updating 2 targets...
gcc.compile.c++ bin.v2/standalone/ac/gcc-gnu-11/release/link-static/threadapi-pthread/threading-multi/main-bz2.o
gcc.link bin.v2/standalone/ac/gcc-gnu-11/release/link-static/threadapi-pthread/threading-multi/bz2
/usr/bin/ld: cannot find -lbz2: No such file or directory
collect2: error: ld returned 1 exit status

    "g++"    -o "bin.v2/standalone/ac/gcc-gnu-11/release/link-static/threadapi-pthread/threading-multi/bz2" -Wl,--start-group "bin.v2/standalone/ac/gcc-gnu-11/release/link-static/threadapi-pthread/threading-multi/main-bz2.o"  -Wl,-Bstatic -lbz2 -Wl,-Bdynamic -lrt -Wl,--end-group -pthread 

...failed gcc.link bin.v2/standalone/ac/gcc-gnu-11/release/link-static/threadapi-pthread/threading-multi/bz2...
...failed updating 1 target...
...updated 1 target...
...found 4 targets...
...updating 2 targets...
gcc.compile.c++ bin.v2/standalone/ac/gcc-gnu-11/release/threadapi-pthread/threading-multi/lzma_h.o
bin.v2/standalone/ac/lzma_h.cpp:1:10: fatal error: lzma.h: No such file or directory
    1 | #include <lzma.h>
      |          ^~~~~~~~
compilation terminated.

    "g++"   -O3 -finline-functions -Wno-inline -Wall -pthread -fPIC  -DNDEBUG   -c -o "bin.v2/standalone/ac/gcc-gnu-11/release/threadapi-pthread/threading-multi/lzma_h.o" "bin.v2/standalone/ac/lzma_h.cpp"

...failed gcc.compile.c++ bin.v2/standalone/ac/gcc-gnu-11/release/threadapi-pthread/threading-multi/lzma_h.o...
...failed updating 1 target...
...updated 1 target...
...found 5 targets...
...updating 3 targets...
gcc.compile.c++ bin.v2/standalone/ac/gcc-gnu-11/release/threadapi-pthread/threading-multi/main-lzma.o
gcc.link bin.v2/standalone/ac/gcc-gnu-11/release/threadapi-pthread/threading-multi/lzma
/usr/bin/ld: cannot find -llzma: No such file or directory
collect2: error: ld returned 1 exit status

    "g++"    -o "bin.v2/standalone/ac/gcc-gnu-11/release/threadapi-pthread/threading-multi/lzma" -Wl,--start-group "bin.v2/standalone/ac/gcc-gnu-11/release/threadapi-pthread/threading-multi/main-lzma.o"  -Wl,-Bstatic  -Wl,-Bdynamic -llzma -lrt -Wl,--end-group -pthread -fPIC 

...failed gcc.link bin.v2/standalone/ac/gcc-gnu-11/release/threadapi-pthread/threading-multi/lzma...
...failed updating 1 target...
...updated 2 targets...
...found 2 targets...
...updating 2 targets...
gcc.compile.c++ bin.v2/standalone/ac/gcc-gnu-11/release/link-static/threadapi-pthread/threading-multi/main-lzma.o
gcc.link bin.v2/standalone/ac/gcc-gnu-11/release/link-static/threadapi-pthread/threading-multi/lzma
/usr/bin/ld: cannot find -llzma: No such file or directory
collect2: error: ld returned 1 exit status

    "g++"    -o "bin.v2/standalone/ac/gcc-gnu-11/release/link-static/threadapi-pthread/threading-multi/lzma" -Wl,--start-group "bin.v2/standalone/ac/gcc-gnu-11/release/link-static/threadapi-pthread/threading-multi/main-lzma.o"  -Wl,-Bstatic -llzma -Wl,-Bdynamic -lrt -Wl,--end-group -pthread 

...failed gcc.link bin.v2/standalone/ac/gcc-gnu-11/release/link-static/threadapi-pthread/threading-multi/lzma...
...failed updating 1 target...
...updated 1 target...
...found 9 targets...
...updating 7 targets...
gcc.compile.c++ bin.v2/libs/locale/build/gcc-gnu-11/debug/threadapi-pthread/has_iconv_libc_obj.o
gcc.link bin.v2/libs/locale/build/gcc-gnu-11/debug/threadapi-pthread/has_iconv
...updated 7 targets...
...found 8 targets...
...updating 2 targets...
gcc.compile.c++ bin.v2/libs/locale/build/gcc-gnu-11/debug/threadapi-pthread/has_icu_obj.o
libs/locale/src/../build/has_icu_test.cpp: In function 'int main()':
libs/locale/src/../build/has_icu_test.cpp:26:12: warning: unused variable 'c' [-Wunused-variable]
   26 |    UChar32 c = ::u_charFromName(U_UNICODE_CHAR_NAME, "GREEK SMALL LETTER ALPHA", &err);
      |            ^
gcc.link bin.v2/libs/locale/build/gcc-gnu-11/debug/threadapi-pthread/has_icu
...updated 2 targets...
...found 10 targets...
...updating 8 targets...
gcc.compile.c++ bin.v2/libs/log/config/atomic-int32/gcc-gnu-11/debug/pch-off/threadapi-pthread/atomic_int32.o
...updated 8 targets...
...found 8 targets...
...updating 6 targets...
gcc.compile.c++ bin.v2/libs/log/config/native-syslog/gcc-gnu-11/debug/pch-off/threadapi-pthread/native_syslog.o
...updated 6 targets...
...found 8 targets...
...updating 6 targets...
gcc.compile.c++ bin.v2/libs/log/config/pthread-mutex-robust/gcc-gnu-11/debug/pch-off/threadapi-pthread/pthread_mutex_robust.o
...updated 6 targets...
...found 7 targets...
...updating 6 targets...
gcc.compile.c++ bin.v2/libs/log/config/visibility/gcc-gnu-11/debug/pch-off/threadapi-pthread/visibility.o
...updated 6 targets...
...found 7 targets...
...updating 6 targets...
gcc.compile.c++ bin.v2/libs/math/config/gcc-gnu-11/debug/threadapi-pthread/has_gcc_visibility.o
...updated 6 targets...
...found 136 targets...
...updating 1 target...
gcc.compile.c++ bin.v2/libs/math/config/gcc-gnu-11/debug/threadapi-pthread/has_long_double_support.o
...updated 1 target...
...found 11 targets...
...updating 8 targets...
gcc.compile.c++ bin.v2/libs/stacktrace/build/gcc-gnu-11/debug/threadapi-pthread/has_backtrace.o
gcc.link bin.v2/libs/stacktrace/build/gcc-gnu-11/debug/threadapi-pthread/libbacktrace_exe
Jamfile</root/workspace/cit5950-sp24-Final-Project-14/searchserver/boost_1_66_0/libs/stacktrace/build>.mp_simple_run_action bin.v2/libs/stacktrace/build/gcc-gnu-11/debug/threadapi-pthread/libbacktrace.output
...updated 8 targets...
...found 5 targets...
...updating 3 targets...
gcc.compile.c++ bin.v2/libs/stacktrace/build/gcc-gnu-11/debug/threadapi-pthread/has_addr2line.o
gcc.link bin.v2/libs/stacktrace/build/gcc-gnu-11/debug/threadapi-pthread/addr2line_exe
Jamfile</root/workspace/cit5950-sp24-Final-Project-14/searchserver/boost_1_66_0/libs/stacktrace/build>.mp_simple_run_action bin.v2/libs/stacktrace/build/gcc-gnu-11/debug/threadapi-pthread/addr2line.output
...updated 3 targets...
...found 5 targets...
...updating 3 targets...
gcc.compile.c++ bin.v2/libs/stacktrace/build/gcc-gnu-11/debug/threadapi-pthread/has_windbg.o
libs/stacktrace/build/has_windbg.cpp:8:10: fatal error: windows.h: No such file or directory
    8 | #include <windows.h>
      |          ^~~~~~~~~~~
compilation terminated.

    "g++"   -O0 -fno-inline -Wall -g -fPIC -fvisibility=hidden -DBOOST_ALL_NO_LIB=1  -I"." -c -o "bin.v2/libs/stacktrace/build/gcc-gnu-11/debug/threadapi-pthread/has_windbg.o" "libs/stacktrace/build/has_windbg.cpp"

...failed gcc.compile.c++ bin.v2/libs/stacktrace/build/gcc-gnu-11/debug/threadapi-pthread/has_windbg.o...
...skipped <pbin.v2/libs/stacktrace/build/gcc-gnu-11/debug/threadapi-pthread>WinDbg_exe for lack of <pbin.v2/libs/stacktrace/build/gcc-gnu-11/debug/threadapi-pthread>has_windbg.o...
...skipped <pbin.v2/libs/stacktrace/build/gcc-gnu-11/debug/threadapi-pthread>WinDbg.output for lack of <pbin.v2/libs/stacktrace/build/gcc-gnu-11/debug/threadapi-pthread>WinDbg_exe...
...failed updating 1 target...
...skipped 2 targets...
...found 4 targets...
...updating 3 targets...
gcc.compile.c++ bin.v2/libs/stacktrace/build/gcc-gnu-11/debug/threadapi-pthread/has_windbg_cached.o
libs/stacktrace/build/has_windbg_cached.cpp:11:10: fatal error: windows.h: No such file or directory
   11 | #include <windows.h>
      |          ^~~~~~~~~~~
compilation terminated.

    "g++"   -O0 -fno-inline -Wall -g -fPIC -fvisibility=hidden -DBOOST_ALL_NO_LIB=1  -I"." -c -o "bin.v2/libs/stacktrace/build/gcc-gnu-11/debug/threadapi-pthread/has_windbg_cached.o" "libs/stacktrace/build/has_windbg_cached.cpp"

...failed gcc.compile.c++ bin.v2/libs/stacktrace/build/gcc-gnu-11/debug/threadapi-pthread/has_windbg_cached.o...
...skipped <pbin.v2/libs/stacktrace/build/gcc-gnu-11/debug/threadapi-pthread>WinDbgCached_exe for lack of <pbin.v2/libs/stacktrace/build/gcc-gnu-11/debug/threadapi-pthread>has_windbg_cached.o...
...skipped <pbin.v2/libs/stacktrace/build/gcc-gnu-11/debug/threadapi-pthread>WinDbgCached.output for lack of <pbin.v2/libs/stacktrace/build/gcc-gnu-11/debug/threadapi-pthread>WinDbgCached_exe...
...failed updating 1 target...
...skipped 2 targets...
...found 1 target...
...updating 1 target...
gcc.compile.c++ bin.v2/standalone/ac/gcc-gnu-11/release/link-static/threadapi-pthread/threading-multi/zlib_h.o
bin.v2/standalone/ac/zlib_h.cpp:1:10: fatal error: zlib.h: No such file or directory
    1 | #include <zlib.h>
      |          ^~~~~~~~
compilation terminated.

    "g++"   -O3 -finline-functions -Wno-inline -Wall -pthread  -DNDEBUG   -c -o "bin.v2/standalone/ac/gcc-gnu-11/release/link-static/threadapi-pthread/threading-multi/zlib_h.o" "bin.v2/standalone/ac/zlib_h.cpp"

...failed gcc.compile.c++ bin.v2/standalone/ac/gcc-gnu-11/release/link-static/threadapi-pthread/threading-multi/zlib_h.o...
...failed updating 1 target...
...found 1 target...
...updating 1 target...
gcc.compile.c++ bin.v2/standalone/ac/gcc-gnu-11/release/link-static/threadapi-pthread/threading-multi/bzlib_h.o
bin.v2/standalone/ac/bzlib_h.cpp:1:10: fatal error: bzlib.h: No such file or directory
    1 | #include <bzlib.h>
      |          ^~~~~~~~~
compilation terminated.

    "g++"   -O3 -finline-functions -Wno-inline -Wall -pthread  -DNDEBUG   -c -o "bin.v2/standalone/ac/gcc-gnu-11/release/link-static/threadapi-pthread/threading-multi/bzlib_h.o" "bin.v2/standalone/ac/bzlib_h.cpp"

...failed gcc.compile.c++ bin.v2/standalone/ac/gcc-gnu-11/release/link-static/threadapi-pthread/threading-multi/bzlib_h.o...
...failed updating 1 target...
...found 1 target...
...updating 1 target...
gcc.compile.c++ bin.v2/standalone/ac/gcc-gnu-11/release/link-static/threadapi-pthread/threading-multi/lzma_h.o
bin.v2/standalone/ac/lzma_h.cpp:1:10: fatal error: lzma.h: No such file or directory
    1 | #include <lzma.h>
      |          ^~~~~~~~
compilation terminated.

    "g++"   -O3 -finline-functions -Wno-inline -Wall -pthread  -DNDEBUG   -c -o "bin.v2/standalone/ac/gcc-gnu-11/release/link-static/threadapi-pthread/threading-multi/lzma_h.o" "bin.v2/standalone/ac/lzma_h.cpp"

...failed gcc.compile.c++ bin.v2/standalone/ac/gcc-gnu-11/release/link-static/threadapi-pthread/threading-multi/lzma_h.o...
...failed updating 1 target...
...found 1 target...
...updating 1 target...
config-cache.write bin.v2/project-cache.jam
...updated 1 target...
